2020-05-11 15:27:48,168 ----------------------------------------------------------------------------------------------------
2020-05-11 15:27:48,169 Model: "TextClassifier(
  (document_embeddings): DocumentRNNEmbeddings(
    (embeddings): StackedEmbeddings(
      (list_embedding_0): WordEmbeddings('glove')
    )
    (word_reprojection_map): Linear(in_features=100, out_features=256, bias=True)
    (rnn): GRU(256, 512, batch_first=True)
    (dropout): Dropout(p=0.5, inplace=False)
  )
  (decoder): Linear(in_features=512, out_features=2, bias=True)
  (loss_function): CrossEntropyLoss()
)"
2020-05-11 15:27:48,171 ----------------------------------------------------------------------------------------------------
2020-05-11 15:27:48,171 Corpus: "Corpus: 160000 train + 20000 dev + 20000 test sentences"
2020-05-11 15:27:48,172 ----------------------------------------------------------------------------------------------------
2020-05-11 15:27:48,173 Parameters:
2020-05-11 15:27:48,174  - learning_rate: "0.1"
2020-05-11 15:27:48,175  - mini_batch_size: "32"
2020-05-11 15:27:48,175  - patience: "8"
2020-05-11 15:27:48,176  - anneal_factor: "0.5"
2020-05-11 15:27:48,177  - max_epochs: "15"
2020-05-11 15:27:48,178  - shuffle: "True"
2020-05-11 15:27:48,179  - train_with_dev: "False"
2020-05-11 15:27:48,180  - batch_growth_annealing: "False"
2020-05-11 15:27:48,182 ----------------------------------------------------------------------------------------------------
2020-05-11 15:27:48,182 Model training base path: "model-saves"
2020-05-11 15:27:48,183 ----------------------------------------------------------------------------------------------------
2020-05-11 15:27:48,184 Device: cpu
2020-05-11 15:27:48,185 ----------------------------------------------------------------------------------------------------
2020-05-11 15:27:48,185 Embeddings storage mode: cpu
2020-05-11 15:27:48,187 ----------------------------------------------------------------------------------------------------
2020-05-11 15:27:48,601 epoch 1 - iter 0/5000 - loss 0.66321117 - samples/sec: 82905.31
2020-05-11 15:29:29,784 epoch 1 - iter 500/5000 - loss 0.68212706 - samples/sec: 165.71
2020-05-11 15:31:28,323 epoch 1 - iter 1000/5000 - loss 0.66635834 - samples/sec: 140.84
2020-05-11 15:33:42,304 epoch 1 - iter 1500/5000 - loss 0.65629137 - samples/sec: 124.62
2020-05-11 15:36:02,292 epoch 1 - iter 2000/5000 - loss 0.64936845 - samples/sec: 119.05
2020-05-11 15:38:15,593 epoch 1 - iter 2500/5000 - loss 0.64582850 - samples/sec: 125.86
2020-05-11 15:40:23,119 epoch 1 - iter 3000/5000 - loss 0.64147999 - samples/sec: 130.88
2020-05-11 15:42:33,072 epoch 1 - iter 3500/5000 - loss 0.63742109 - samples/sec: 128.95
2020-05-11 15:44:33,132 epoch 1 - iter 4000/5000 - loss 0.63288279 - samples/sec: 139.41
2020-05-11 15:46:44,634 epoch 1 - iter 4500/5000 - loss 0.62962353 - samples/sec: 126.95
2020-05-11 15:48:38,764 ----------------------------------------------------------------------------------------------------
2020-05-11 15:48:38,766 EPOCH 1 done: loss 0.6263 - lr 0.1000
2020-05-11 15:49:03,715 DEV : loss 0.5499045848846436 - score 0.7266
2020-05-11 15:49:07,240 BAD EPOCHS (no improvement): 0
2020-05-11 15:49:11,766 ----------------------------------------------------------------------------------------------------
2020-05-11 15:49:12,288 epoch 2 - iter 0/5000 - loss 0.65329576 - samples/sec: 55976.48
2020-05-11 15:51:03,200 epoch 2 - iter 500/5000 - loss 0.59178817 - samples/sec: 150.89
2020-05-11 15:53:01,180 epoch 2 - iter 1000/5000 - loss 0.59182155 - samples/sec: 141.46
2020-05-11 15:54:56,888 epoch 2 - iter 1500/5000 - loss 0.58805633 - samples/sec: 144.13
2020-05-11 15:57:01,558 epoch 2 - iter 2000/5000 - loss 0.58874496 - samples/sec: 133.63
2020-05-11 15:59:00,746 epoch 2 - iter 2500/5000 - loss 0.58651213 - samples/sec: 140.43
2020-05-11 16:01:00,898 epoch 2 - iter 3000/5000 - loss 0.58547585 - samples/sec: 138.90
2020-05-11 16:02:55,877 epoch 2 - iter 3500/5000 - loss 0.58488301 - samples/sec: 145.34
2020-05-11 16:04:53,363 epoch 2 - iter 4000/5000 - loss 0.58420316 - samples/sec: 142.06
2020-05-11 16:06:51,597 epoch 2 - iter 4500/5000 - loss 0.58299997 - samples/sec: 141.13
2020-05-11 16:09:06,323 ----------------------------------------------------------------------------------------------------
2020-05-11 16:09:06,325 EPOCH 2 done: loss 0.5824 - lr 0.1000
2020-05-11 16:09:36,753 DEV : loss 0.5265305042266846 - score 0.7409
2020-05-11 16:09:41,855 BAD EPOCHS (no improvement): 0
2020-05-11 16:09:47,824 ----------------------------------------------------------------------------------------------------
2020-05-11 16:09:48,500 epoch 3 - iter 0/5000 - loss 0.38411668 - samples/sec: 42880.02
2020-05-11 16:11:57,113 epoch 3 - iter 500/5000 - loss 0.57300013 - samples/sec: 129.60
2020-05-11 16:14:15,202 epoch 3 - iter 1000/5000 - loss 0.57298886 - samples/sec: 120.91
2020-05-11 16:16:43,409 epoch 3 - iter 1500/5000 - loss 0.57239072 - samples/sec: 112.40
2020-05-11 16:18:42,852 epoch 3 - iter 2000/5000 - loss 0.57158711 - samples/sec: 139.54
2020-05-11 16:21:04,993 epoch 3 - iter 2500/5000 - loss 0.57127488 - samples/sec: 117.54
2020-05-11 16:23:21,027 epoch 3 - iter 3000/5000 - loss 0.57147959 - samples/sec: 122.91
2020-05-11 16:25:39,470 epoch 3 - iter 3500/5000 - loss 0.57058473 - samples/sec: 120.47
2020-05-11 16:27:56,033 epoch 3 - iter 4000/5000 - loss 0.56928047 - samples/sec: 121.90
2020-05-11 16:30:12,895 epoch 3 - iter 4500/5000 - loss 0.56864243 - samples/sec: 122.16
2020-05-11 16:32:27,473 ----------------------------------------------------------------------------------------------------
2020-05-11 16:32:27,475 EPOCH 3 done: loss 0.5686 - lr 0.1000
2020-05-11 16:32:59,846 DEV : loss 0.5178809762001038 - score 0.7448
2020-05-11 16:33:04,959 BAD EPOCHS (no improvement): 0
2020-05-11 16:33:10,820 ----------------------------------------------------------------------------------------------------
2020-05-11 16:33:11,582 epoch 4 - iter 0/5000 - loss 0.52302098 - samples/sec: 41371.70
2020-05-11 16:35:28,316 epoch 4 - iter 500/5000 - loss 0.56581245 - samples/sec: 122.18
2020-05-11 16:37:44,566 epoch 4 - iter 1000/5000 - loss 0.56071821 - samples/sec: 122.42
2020-05-11 17:34:06,599 epoch 4 - iter 1500/5000 - loss 0.56305462 - samples/sec: 4.74
2020-05-11 17:36:17,615 epoch 4 - iter 2000/5000 - loss 0.56325483 - samples/sec: 127.15
2020-05-11 17:38:24,909 epoch 4 - iter 2500/5000 - loss 0.56305513 - samples/sec: 131.26
2020-05-11 17:40:23,362 epoch 4 - iter 3000/5000 - loss 0.56140863 - samples/sec: 140.68
2020-05-11 17:42:29,454 epoch 4 - iter 3500/5000 - loss 0.56080008 - samples/sec: 132.21
2020-05-11 17:44:34,015 epoch 4 - iter 4000/5000 - loss 0.56021303 - samples/sec: 134.07
2020-05-11 17:46:32,981 epoch 4 - iter 4500/5000 - loss 0.55949015 - samples/sec: 140.24
2020-05-11 17:48:34,496 ----------------------------------------------------------------------------------------------------
2020-05-11 17:48:34,497 EPOCH 4 done: loss 0.5592 - lr 0.1000
2020-05-11 17:49:03,827 DEV : loss 0.5046098232269287 - score 0.7527
2020-05-11 17:49:08,343 BAD EPOCHS (no improvement): 0
2020-05-11 17:49:13,351 ----------------------------------------------------------------------------------------------------
2020-05-11 17:49:14,029 epoch 5 - iter 0/5000 - loss 0.60640615 - samples/sec: 46373.03
2020-05-11 17:51:10,057 epoch 5 - iter 500/5000 - loss 0.55248809 - samples/sec: 143.30
2020-05-11 17:53:10,606 epoch 5 - iter 1000/5000 - loss 0.55238491 - samples/sec: 138.16
2020-05-11 17:55:07,186 epoch 5 - iter 1500/5000 - loss 0.55247639 - samples/sec: 143.16
2020-05-11 17:57:10,477 epoch 5 - iter 2000/5000 - loss 0.55363260 - samples/sec: 135.11
2020-05-11 17:59:07,696 epoch 5 - iter 2500/5000 - loss 0.55329357 - samples/sec: 142.07
2020-05-11 18:01:09,411 epoch 5 - iter 3000/5000 - loss 0.55276553 - samples/sec: 137.10
2020-05-11 18:02:56,680 epoch 5 - iter 3500/5000 - loss 0.55202021 - samples/sec: 155.74
2020-05-11 18:04:33,203 epoch 5 - iter 4000/5000 - loss 0.55120847 - samples/sec: 172.97
2020-05-11 18:06:06,948 epoch 5 - iter 4500/5000 - loss 0.55097974 - samples/sec: 179.61
2020-05-11 18:07:40,869 ----------------------------------------------------------------------------------------------------
2020-05-11 18:07:40,872 EPOCH 5 done: loss 0.5511 - lr 0.1000
2020-05-11 18:08:01,845 DEV : loss 0.4964134395122528 - score 0.7581
2020-05-11 18:08:05,219 BAD EPOCHS (no improvement): 0
2020-05-11 18:08:09,249 ----------------------------------------------------------------------------------------------------
2020-05-11 18:08:09,721 epoch 6 - iter 0/5000 - loss 0.49044374 - samples/sec: 72758.80
2020-05-11 18:09:48,275 epoch 6 - iter 500/5000 - loss 0.54627570 - samples/sec: 170.19
2020-05-11 18:11:21,148 epoch 6 - iter 1000/5000 - loss 0.54731774 - samples/sec: 179.55
2020-05-11 18:12:55,373 epoch 6 - iter 1500/5000 - loss 0.54614980 - samples/sec: 177.60
2020-05-11 18:14:31,011 epoch 6 - iter 2000/5000 - loss 0.54670046 - samples/sec: 175.66
2020-05-11 18:16:02,218 epoch 6 - iter 2500/5000 - loss 0.54791811 - samples/sec: 182.65
2020-05-11 18:17:38,988 epoch 6 - iter 3000/5000 - loss 0.54824853 - samples/sec: 173.05
2020-05-11 18:19:16,399 epoch 6 - iter 3500/5000 - loss 0.54810636 - samples/sec: 172.57
2020-05-11 18:20:50,852 epoch 6 - iter 4000/5000 - loss 0.54716637 - samples/sec: 176.87
2020-05-11 18:22:26,560 epoch 6 - iter 4500/5000 - loss 0.54731893 - samples/sec: 175.12
2020-05-11 18:24:01,277 ----------------------------------------------------------------------------------------------------
2020-05-11 18:24:01,278 EPOCH 6 done: loss 0.5472 - lr 0.1000
2020-05-11 18:24:21,846 DEV : loss 0.49370747804641724 - score 0.7591
2020-05-11 18:24:24,890 BAD EPOCHS (no improvement): 0
2020-05-11 18:24:28,840 ----------------------------------------------------------------------------------------------------
2020-05-11 18:24:29,290 epoch 7 - iter 0/5000 - loss 0.43687695 - samples/sec: 75314.96
2020-05-11 18:26:03,168 epoch 7 - iter 500/5000 - loss 0.54467402 - samples/sec: 178.12
2020-05-11 18:27:36,826 epoch 7 - iter 1000/5000 - loss 0.54397509 - samples/sec: 177.97
2020-05-11 18:29:12,830 epoch 7 - iter 1500/5000 - loss 0.54437279 - samples/sec: 174.60
2020-05-11 18:30:43,741 epoch 7 - iter 2000/5000 - loss 0.54436930 - samples/sec: 183.45
2020-05-11 18:32:18,663 epoch 7 - iter 2500/5000 - loss 0.54412562 - samples/sec: 176.79
2020-05-11 18:33:53,963 epoch 7 - iter 3000/5000 - loss 0.54189701 - samples/sec: 175.28
2020-05-11 18:35:29,709 epoch 7 - iter 3500/5000 - loss 0.54155236 - samples/sec: 174.60
2020-05-11 18:37:05,208 epoch 7 - iter 4000/5000 - loss 0.54073585 - samples/sec: 175.79
2020-05-11 18:38:38,457 epoch 7 - iter 4500/5000 - loss 0.54048306 - samples/sec: 179.06
2020-05-11 18:40:15,375 ----------------------------------------------------------------------------------------------------
2020-05-11 18:40:15,375 EPOCH 7 done: loss 0.5401 - lr 0.1000
2020-05-11 18:40:36,319 DEV : loss 0.48561176657676697 - score 0.7692
2020-05-11 18:40:39,638 BAD EPOCHS (no improvement): 0
2020-05-11 18:40:43,698 ----------------------------------------------------------------------------------------------------
2020-05-11 18:40:44,133 epoch 8 - iter 0/5000 - loss 0.52875906 - samples/sec: 82433.50
2020-05-11 18:42:19,909 epoch 8 - iter 500/5000 - loss 0.54333149 - samples/sec: 174.94
2020-05-11 18:43:52,136 epoch 8 - iter 1000/5000 - loss 0.53775357 - samples/sec: 181.06
2020-05-11 18:45:30,717 epoch 8 - iter 1500/5000 - loss 0.53887838 - samples/sec: 170.61
2020-05-11 18:47:02,859 epoch 8 - iter 2000/5000 - loss 0.53821836 - samples/sec: 181.17
2020-05-11 18:48:35,932 epoch 8 - iter 2500/5000 - loss 0.53837022 - samples/sec: 179.36
2020-05-11 18:50:08,417 epoch 8 - iter 3000/5000 - loss 0.53796117 - samples/sec: 181.06
2020-05-11 18:51:43,568 epoch 8 - iter 3500/5000 - loss 0.53855751 - samples/sec: 175.47
2020-05-11 18:53:20,724 epoch 8 - iter 4000/5000 - loss 0.53862677 - samples/sec: 172.00
2020-05-11 18:54:53,772 epoch 8 - iter 4500/5000 - loss 0.53804942 - samples/sec: 179.82
2020-05-11 18:56:26,824 ----------------------------------------------------------------------------------------------------
2020-05-11 18:56:26,824 EPOCH 8 done: loss 0.5378 - lr 0.1000
2020-05-11 18:56:47,322 DEV : loss 0.4975057542324066 - score 0.7607
2020-05-11 18:56:50,782 BAD EPOCHS (no improvement): 1
2020-05-11 18:56:50,874 ----------------------------------------------------------------------------------------------------
2020-05-11 18:56:51,410 epoch 9 - iter 0/5000 - loss 0.43052381 - samples/sec: 55541.01
2020-05-11 18:58:28,155 epoch 9 - iter 500/5000 - loss 0.53657551 - samples/sec: 172.86
2020-05-11 19:00:04,968 epoch 9 - iter 1000/5000 - loss 0.53841165 - samples/sec: 172.83
2020-05-11 19:01:42,464 epoch 9 - iter 1500/5000 - loss 0.53772241 - samples/sec: 171.94
2020-05-11 19:03:22,653 epoch 9 - iter 2000/5000 - loss 0.53658293 - samples/sec: 166.85
2020-05-11 19:04:59,521 epoch 9 - iter 2500/5000 - loss 0.53554960 - samples/sec: 172.80
2020-05-11 19:06:33,171 epoch 9 - iter 3000/5000 - loss 0.53613899 - samples/sec: 179.11
2020-05-11 19:08:06,566 epoch 9 - iter 3500/5000 - loss 0.53636131 - samples/sec: 178.36
2020-05-11 19:09:39,980 epoch 9 - iter 4000/5000 - loss 0.53573330 - samples/sec: 178.86
2020-05-11 19:11:16,882 epoch 9 - iter 4500/5000 - loss 0.53464505 - samples/sec: 173.61
2020-05-11 19:12:52,711 ----------------------------------------------------------------------------------------------------
2020-05-11 19:12:52,713 EPOCH 9 done: loss 0.5342 - lr 0.1000
2020-05-11 19:13:13,306 DEV : loss 0.47085386514663696 - score 0.7751
2020-05-11 19:13:16,720 BAD EPOCHS (no improvement): 0
2020-05-11 19:13:21,076 ----------------------------------------------------------------------------------------------------
2020-05-11 19:13:21,569 epoch 10 - iter 0/5000 - loss 0.64653075 - samples/sec: 68723.31
2020-05-11 19:14:56,948 epoch 10 - iter 500/5000 - loss 0.53616822 - samples/sec: 175.39
2020-05-11 19:16:30,374 epoch 10 - iter 1000/5000 - loss 0.53441921 - samples/sec: 178.78
2020-05-11 19:18:06,485 epoch 10 - iter 1500/5000 - loss 0.52962380 - samples/sec: 174.65
2020-05-11 19:19:52,356 epoch 10 - iter 2000/5000 - loss 0.52988595 - samples/sec: 157.76
2020-05-11 19:22:01,881 epoch 10 - iter 2500/5000 - loss 0.53108005 - samples/sec: 128.67
2020-05-11 19:24:13,329 epoch 10 - iter 3000/5000 - loss 0.53140275 - samples/sec: 127.21
2020-05-11 19:26:25,805 epoch 10 - iter 3500/5000 - loss 0.53067636 - samples/sec: 126.06
2020-05-11 19:28:37,400 epoch 10 - iter 4000/5000 - loss 0.53025049 - samples/sec: 126.60
2020-05-11 19:30:50,308 epoch 10 - iter 4500/5000 - loss 0.53027404 - samples/sec: 126.07
2020-05-11 19:32:59,308 ----------------------------------------------------------------------------------------------------
2020-05-11 19:32:59,309 EPOCH 10 done: loss 0.5306 - lr 0.1000
2020-05-11 19:33:24,041 DEV : loss 0.4763081967830658 - score 0.773
2020-05-11 19:33:27,625 BAD EPOCHS (no improvement): 1
2020-05-11 19:33:27,722 ----------------------------------------------------------------------------------------------------
2020-05-11 19:33:28,211 epoch 11 - iter 0/5000 - loss 0.41785145 - samples/sec: 70656.90
2020-05-11 19:35:42,439 epoch 11 - iter 500/5000 - loss 0.52731903 - samples/sec: 124.40
2020-05-11 19:37:45,664 epoch 11 - iter 1000/5000 - loss 0.52652100 - samples/sec: 136.00
2020-05-11 19:39:54,629 epoch 11 - iter 1500/5000 - loss 0.52913020 - samples/sec: 129.32
2020-05-11 19:42:04,696 epoch 11 - iter 2000/5000 - loss 0.52790441 - samples/sec: 128.15
2020-05-11 19:44:20,797 epoch 11 - iter 2500/5000 - loss 0.52841539 - samples/sec: 122.49
2020-05-11 19:46:14,297 epoch 11 - iter 3000/5000 - loss 0.52841543 - samples/sec: 147.79
2020-05-11 19:47:49,855 epoch 11 - iter 3500/5000 - loss 0.52918726 - samples/sec: 175.02
2020-05-11 19:49:29,545 epoch 11 - iter 4000/5000 - loss 0.52856686 - samples/sec: 168.18
2020-05-11 19:51:15,082 epoch 11 - iter 4500/5000 - loss 0.52812051 - samples/sec: 158.31
2020-05-11 19:53:31,498 ----------------------------------------------------------------------------------------------------
2020-05-11 19:53:31,498 EPOCH 11 done: loss 0.5281 - lr 0.1000
2020-05-11 19:53:57,439 DEV : loss 0.4737057089805603 - score 0.777
2020-05-11 19:54:00,855 BAD EPOCHS (no improvement): 0
2020-05-11 19:54:05,493 ----------------------------------------------------------------------------------------------------
2020-05-11 19:54:06,091 epoch 12 - iter 0/5000 - loss 0.50054801 - samples/sec: 55434.11
2020-05-11 19:55:52,039 epoch 12 - iter 500/5000 - loss 0.52858749 - samples/sec: 158.32
2020-05-11 19:57:33,290 epoch 12 - iter 1000/5000 - loss 0.52822525 - samples/sec: 166.04
2020-05-11 19:59:25,380 epoch 12 - iter 1500/5000 - loss 0.52774368 - samples/sec: 149.39
2020-05-11 20:01:20,797 epoch 12 - iter 2000/5000 - loss 0.52755216 - samples/sec: 144.75
2020-05-11 20:03:12,096 epoch 12 - iter 2500/5000 - loss 0.52772289 - samples/sec: 150.62
2020-05-11 20:05:04,391 epoch 12 - iter 3000/5000 - loss 0.52683020 - samples/sec: 149.08
2020-05-11 20:06:49,151 epoch 12 - iter 3500/5000 - loss 0.52630192 - samples/sec: 159.89
2020-05-11 20:08:39,740 epoch 12 - iter 4000/5000 - loss 0.52568138 - samples/sec: 151.53
2020-05-11 20:10:18,937 epoch 12 - iter 4500/5000 - loss 0.52520846 - samples/sec: 169.21
2020-05-11 20:12:04,470 ----------------------------------------------------------------------------------------------------
2020-05-11 20:12:04,472 EPOCH 12 done: loss 0.5256 - lr 0.1000
2020-05-11 20:12:28,441 DEV : loss 0.466677725315094 - score 0.7788
2020-05-11 20:12:32,006 BAD EPOCHS (no improvement): 0
2020-05-11 20:12:36,430 ----------------------------------------------------------------------------------------------------
2020-05-11 20:12:36,909 epoch 13 - iter 0/5000 - loss 0.67581463 - samples/sec: 71772.57
2020-05-11 20:14:26,489 epoch 13 - iter 500/5000 - loss 0.52240189 - samples/sec: 152.75
2020-05-11 20:16:18,527 epoch 13 - iter 1000/5000 - loss 0.52359876 - samples/sec: 149.42
2020-05-11 20:18:00,751 epoch 13 - iter 1500/5000 - loss 0.52416045 - samples/sec: 163.96
2020-05-11 20:19:46,406 epoch 13 - iter 2000/5000 - loss 0.52287719 - samples/sec: 158.76
2020-05-11 20:21:48,507 epoch 13 - iter 2500/5000 - loss 0.52250198 - samples/sec: 136.68
2020-05-11 20:23:43,623 epoch 13 - iter 3000/5000 - loss 0.52269445 - samples/sec: 145.48
2020-05-11 20:25:19,384 epoch 13 - iter 3500/5000 - loss 0.52202835 - samples/sec: 174.64
2020-05-11 20:26:53,590 epoch 13 - iter 4000/5000 - loss 0.52266854 - samples/sec: 178.53
2020-05-11 20:29:09,076 epoch 13 - iter 4500/5000 - loss 0.52243660 - samples/sec: 123.12
2020-05-11 20:30:53,415 ----------------------------------------------------------------------------------------------------
2020-05-11 20:30:53,416 EPOCH 13 done: loss 0.5227 - lr 0.1000
2020-05-11 20:31:14,731 DEV : loss 0.4716951549053192 - score 0.7761
2020-05-11 20:31:18,001 BAD EPOCHS (no improvement): 1
2020-05-11 20:31:18,095 ----------------------------------------------------------------------------------------------------
2020-05-11 20:31:18,617 epoch 14 - iter 0/5000 - loss 0.51263773 - samples/sec: 80548.94
2020-05-11 20:32:58,362 epoch 14 - iter 500/5000 - loss 0.51521825 - samples/sec: 167.86
2020-05-11 20:34:36,012 epoch 14 - iter 1000/5000 - loss 0.51895369 - samples/sec: 171.15
2020-05-11 20:36:13,947 epoch 14 - iter 1500/5000 - loss 0.51974741 - samples/sec: 171.42
2020-05-11 20:37:50,599 epoch 14 - iter 2000/5000 - loss 0.52097955 - samples/sec: 173.03
2020-05-11 20:39:31,264 epoch 14 - iter 2500/5000 - loss 0.52051618 - samples/sec: 166.04
2020-05-11 20:41:18,266 epoch 14 - iter 3000/5000 - loss 0.52009193 - samples/sec: 156.51
2020-05-11 20:43:31,150 epoch 14 - iter 3500/5000 - loss 0.52045083 - samples/sec: 125.41
2020-05-11 20:46:05,183 epoch 14 - iter 4000/5000 - loss 0.52079616 - samples/sec: 108.04
2020-05-11 20:48:15,699 epoch 14 - iter 4500/5000 - loss 0.52093466 - samples/sec: 127.93
2020-05-11 20:50:24,317 ----------------------------------------------------------------------------------------------------
2020-05-11 20:50:24,318 EPOCH 14 done: loss 0.5211 - lr 0.1000
2020-05-11 20:50:52,930 DEV : loss 0.47066450119018555 - score 0.7742
2020-05-11 20:50:56,947 BAD EPOCHS (no improvement): 2
2020-05-11 20:50:56,966 ----------------------------------------------------------------------------------------------------
2020-05-11 20:50:57,565 epoch 15 - iter 0/5000 - loss 0.42890212 - samples/sec: 46736.15
2020-05-11 20:53:24,814 epoch 15 - iter 500/5000 - loss 0.52113374 - samples/sec: 113.34
2020-05-11 20:55:31,374 epoch 15 - iter 1000/5000 - loss 0.52097767 - samples/sec: 131.87
2020-05-11 20:57:36,200 epoch 15 - iter 1500/5000 - loss 0.51770854 - samples/sec: 134.29
2020-05-11 20:59:43,297 epoch 15 - iter 2000/5000 - loss 0.51855749 - samples/sec: 131.56
2020-05-11 21:01:54,945 epoch 15 - iter 2500/5000 - loss 0.51854489 - samples/sec: 126.64
2020-05-11 21:04:20,902 epoch 15 - iter 3000/5000 - loss 0.51898449 - samples/sec: 114.64
2020-05-11 21:06:44,378 epoch 15 - iter 3500/5000 - loss 0.51835660 - samples/sec: 116.81
2020-05-11 21:09:18,680 epoch 15 - iter 4000/5000 - loss 0.51969582 - samples/sec: 108.05
2020-05-11 21:11:53,086 epoch 15 - iter 4500/5000 - loss 0.51915815 - samples/sec: 107.84
2020-05-11 21:14:23,852 ----------------------------------------------------------------------------------------------------
2020-05-11 21:14:24,033 EPOCH 15 done: loss 0.5181 - lr 0.1000
2020-05-11 21:15:01,115 DEV : loss 0.4647756814956665 - score 0.7794
2020-05-11 21:15:06,481 BAD EPOCHS (no improvement): 0
2020-05-11 21:15:16,381 ----------------------------------------------------------------------------------------------------
2020-05-11 21:15:16,382 Testing using best model ...
2020-05-11 21:15:16,385 loading file model-saves/best-model.pt
2020-05-11 21:15:51,139 0.7863	0.7863	0.7863
2020-05-11 21:15:51,141 
MICRO_AVG: acc 0.6479 - f1-score 0.7863
MACRO_AVG: acc 0.6479 - f1-score 0.78635
0          tp: 7763 - fp: 2049 - fn: 2224 - tn: 7964 - precision: 0.7912 - recall: 0.7773 - accuracy: 0.6450 - f1-score: 0.7842
4          tp: 7964 - fp: 2224 - fn: 2049 - tn: 7763 - precision: 0.7817 - recall: 0.7954 - accuracy: 0.6508 - f1-score: 0.7885
2020-05-11 21:15:51,142 ----------------------------------------------------------------------------------------------------
